2025-11-18 08:46:49,671 - INFO - Main execution block started.
2025-11-18 08:46:49,671 - INFO - Starting client for ID: 4288885452
2025-11-18 08:49:31,296 - ERROR - Request failed: HTTPSConnectionPool(host='client.ind.freefiremobile.com', port=443): Max retries exceeded with url: /GetLoginData (Caused by NewConnectionError('<urllib3.connection.HTTPSConnection object at 0x6d65338800>: Failed to establish a new connection: [Errno 101] Network is unreachable')). Attempt 1 of 3. Retrying...
2025-11-18 08:49:43,313 - ERROR - Request failed: HTTPSConnectionPool(host='client.ind.freefiremobile.com', port=443): Max retries exceeded with url: /GetLoginData (Caused by NameResolutionError("<urllib3.connection.HTTPSConnection object at 0x6d65338ec0>: Failed to resolve 'client.ind.freefiremobile.com' ([Errno 7] No address associated with hostname)")). Attempt 2 of 3. Retrying...
2025-11-18 08:51:07,156 - ERROR - Request failed: HTTPSConnectionPool(host='client.ind.freefiremobile.com', port=443): Max retries exceeded with url: /GetLoginData (Caused by NewConnectionError('<urllib3.connection.HTTPSConnection object at 0x6d65314e90>: Failed to establish a new connection: [Errno 101] Network is unreachable')). Attempt 3 of 3. Retrying...
2025-11-18 08:51:09,157 - CRITICAL - Failed to get login data after multiple attempts. Restarting.
2025-11-18 08:51:09,158 - WARNING - Initiating bot restart...
2025-11-18 08:51:09,166 - ERROR - Error during pre-restart cleanup: (pid=14335)
2025-11-18 08:51:10,324 - INFO - Main execution block started.
2025-11-18 08:51:10,324 - INFO - Starting client for ID: 4288885452
2025-11-18 08:51:20,341 - CRITICAL - A critical error occurred in the main execution block: HTTPSConnectionPool(host='100067.connect.garena.com', port=443): Max retries exceeded with url: /oauth/guest/token/grant (Caused by NameResolutionError("<urllib3.connection.HTTPSConnection object at 0x74db5ef590>: Failed to resolve '100067.connect.garena.com' ([Errno 7] No address associated with hostname)"))
2025-11-18 08:51:20,341 - INFO - Restarting the entire application in 5 seconds...
2025-11-18 08:51:25,342 - WARNING - Initiating bot restart...
2025-11-18 08:51:26,094 - INFO - Main execution block started.
2025-11-18 08:51:26,094 - INFO - Starting client for ID: 4288885452
2025-11-18 08:51:31,110 - CRITICAL - A critical error occurred in the main execution block: HTTPSConnectionPool(host='100067.connect.garena.com', port=443): Max retries exceeded with url: /oauth/guest/token/grant (Caused by NameResolutionError("<urllib3.connection.HTTPSConnection object at 0x7367bd3860>: Failed to resolve '100067.connect.garena.com' ([Errno 7] No address associated with hostname)"))
2025-11-18 08:51:31,111 - INFO - Restarting the entire application in 5 seconds...
2025-11-18 08:51:36,113 - WARNING - Initiating bot restart...
2025-11-18 08:51:36,821 - INFO - Main execution block started.
2025-11-18 08:51:36,821 - INFO - Starting client for ID: 4288885452
